
Showing logs for build [32mcb-kubecd-environment-pr-65-1-b-vkjp8-8[0m stage [32mfrom-build-pack[0m and container [32mstep-credential-initializer-vjvkn[0m
{"level":"warn","ts":1574167837.9749568,"logger":"fallback-logger","caller":"logging/config.go:69","msg":"Fetch GitHub commit ID from kodata failed: \"ref: refs/heads/master\" is not a valid GitHub commit ID"}
{"level":"info","ts":1574167837.9758756,"logger":"fallback-logger","caller":"creds-init/main.go:40","msg":"Credentials initialized."}

Showing logs for build [32mcb-kubecd-environment-pr-65-1-b-vkjp8-8[0m stage [32mfrom-build-pack[0m and container [32mstep-working-dir-initializer-8l8f8[0m
{"level":"warn","ts":1574167839.527097,"logger":"fallback-logger","caller":"logging/config.go:69","msg":"Fetch GitHub commit ID from kodata failed: open /var/run/ko/HEAD: no such file or directory"}
{"level":"info","ts":1574167839.5686913,"logger":"fallback-logger","caller":"bash/main.go:65","msg":"Successfully executed command \"mkdir -p /workspace/source\""}

Showing logs for build [32mcb-kubecd-environment-pr-65-1-b-vkjp8-8[0m stage [32mfrom-build-pack[0m and container [32mstep-place-tools[0m

Showing logs for build [32mcb-kubecd-environment-pr-65-1-b-vkjp8-8[0m stage [32mfrom-build-pack[0m and container [32mstep-git-source-cb-kubecd-environment-pr-65-1-b-rbgfm[0m
{"level":"warn","ts":1574167846.8588505,"logger":"fallback-logger","caller":"logging/config.go:69","msg":"Fetch GitHub commit ID from kodata failed: \"ref: refs/heads/master\" is not a valid GitHub commit ID"}
{"level":"info","ts":1574167847.9598503,"logger":"fallback-logger","caller":"git/git.go:102","msg":"Successfully cloned https://github.com/cb-kubecd/environment-pr-65-1-boot-gke-staging.git @ v0.0.8 in path /workspace/source"}

Showing logs for build [32mcb-kubecd-environment-pr-65-1-b-vkjp8-8[0m stage [32mfrom-build-pack[0m and container [32mstep-git-merge[0m
Using SHAs from PULL_REFS=master:a9437e7d0da69bbae57306c2abc01749ef3157b3
WARNING: no SHAs to merge, falling back to initial cloned commit

Showing logs for build [32mcb-kubecd-environment-pr-65-1-b-vkjp8-8[0m stage [32mfrom-build-pack[0m and container [32mstep-setup-jx-git-credentials[0m
Generated Git credentials file /builder/home/git/credentials

Showing logs for build [32mcb-kubecd-environment-pr-65-1-b-vkjp8-8[0m stage [32mfrom-build-pack[0m and container [32mstep-build-helm-apply[0m
Modified file /workspace/source/env/Chart.yaml to set the chart to version 8
Ignoring templates/.gitignore
Ignoring templates/wildcardcert-secret.yaml
WARNING: No $CHART_REPOSITORY defined so using the default value of: http://jenkins-x-chartmuseum:8080
Adding missing Helm repo: storage.googleapis.com https://storage.googleapis.com/chartmuseum.jenkins-x.io
Read credentials for https://storage.googleapis.com/chartmuseum.jenkins-x.io from vault helm/repos
Successfully added Helm repository storage.googleapis.com.
Adding missing Helm repo: jenkins-x-chartmuseum http://jenkins-x-chartmuseum:8080
Read credentials for http://jenkins-x-chartmuseum:8080 from vault helm/repos
Successfully added Helm repository jenkins-x-chartmuseum.
WARNING: No $CHART_REPOSITORY defined so using the default value of: http://jenkins-x-chartmuseum:8080
Adding missing Helm repo: chartmuseum.jenkins-x.io http://chartmuseum.jenkins-x.io
Read credentials for http://chartmuseum.jenkins-x.io from vault helm/repos
Successfully added Helm repository chartmuseum.jenkins-x.io.


