
Showing logs for build [32mcb-kubecd-environment-pr-65-1-b-g9hns-1[0m stage [32mfrom-build-pack[0m and container [32mstep-credential-initializer-mjrpp[0m
{"level":"warn","ts":1574166716.6862338,"logger":"fallback-logger","caller":"logging/config.go:69","msg":"Fetch GitHub commit ID from kodata failed: \"ref: refs/heads/master\" is not a valid GitHub commit ID"}
{"level":"info","ts":1574166716.686833,"logger":"fallback-logger","caller":"creds-init/main.go:40","msg":"Credentials initialized."}

Showing logs for build [32mcb-kubecd-environment-pr-65-1-b-g9hns-1[0m stage [32mfrom-build-pack[0m and container [32mstep-working-dir-initializer-k25xm[0m
{"level":"warn","ts":1574166718.0462844,"logger":"fallback-logger","caller":"logging/config.go:69","msg":"Fetch GitHub commit ID from kodata failed: open /var/run/ko/HEAD: no such file or directory"}
{"level":"info","ts":1574166718.048721,"logger":"fallback-logger","caller":"bash/main.go:65","msg":"Successfully executed command \"mkdir -p /workspace/source\""}

Showing logs for build [32mcb-kubecd-environment-pr-65-1-b-g9hns-1[0m stage [32mfrom-build-pack[0m and container [32mstep-place-tools[0m

Showing logs for build [32mcb-kubecd-environment-pr-65-1-b-g9hns-1[0m stage [32mfrom-build-pack[0m and container [32mstep-git-source-cb-kubecd-environment-pr-65-1-b-cm59g[0m
{"level":"warn","ts":1574166723.1427002,"logger":"fallback-logger","caller":"logging/config.go:69","msg":"Fetch GitHub commit ID from kodata failed: \"ref: refs/heads/master\" is not a valid GitHub commit ID"}
{"level":"info","ts":1574166724.3810015,"logger":"fallback-logger","caller":"git/git.go:102","msg":"Successfully cloned https://github.com/cb-kubecd/environment-pr-65-1-boot-gke-staging.git @ master in path /workspace/source"}

Showing logs for build [32mcb-kubecd-environment-pr-65-1-b-g9hns-1[0m stage [32mfrom-build-pack[0m and container [32mstep-git-merge[0m
Using SHAs from PULL_REFS=master:1ea1d5afeac1458000bfd09ce50c09f2566b81ad,6:9ed1cf6b0e32553eede03939277059aff19d7789
DEBUG: ran git fetch --unshallow origin 9ed1cf6b0e32553eede03939277059aff19d7789: 1ea1d5afeac1458000bfd09ce50c09f2566b81ad: in 
DEBUG: ran git checkout master in 
DEBUG: ran git reset --hard 1ea1d5afeac1458000bfd09ce50c09f2566b81ad in 
DEBUG: ran clean --force -d . in 
DEBUG: ran git merge 9ed1cf6b0e32553eede03939277059aff19d7789 in 
Merged SHA 9ed1cf6b0e32553eede03939277059aff19d7789 with commit message 'chore: Promote bdd-ghf**y-import-1574165938 to version 0.0.1' into base branch master

Showing logs for build [32mcb-kubecd-environment-pr-65-1-b-g9hns-1[0m stage [32mfrom-build-pack[0m and container [32mstep-build-helm-build[0m
WARNING: No $CHART_REPOSITORY defined so using the default value of: http://jenkins-x-chartmuseum:8080
Adding missing Helm repo: storage.googleapis.com https://storage.googleapis.com/chartmuseum.jenkins-x.io
Read credentials for https://storage.googleapis.com/chartmuseum.jenkins-x.io from vault helm/repos
Successfully added Helm repository storage.googleapis.com.
Adding missing Helm repo: jenkins-x-chartmuseum http://jenkins-x-chartmuseum:8080
Read credentials for http://jenkins-x-chartmuseum:8080 from vault helm/repos
Successfully added Helm repository jenkins-x-chartmuseum.
WARNING: No $CHART_REPOSITORY defined so using the default value of: http://jenkins-x-chartmuseum:8080
Adding missing Helm repo: chartmuseum.jenkins-x.io http://chartmuseum.jenkins-x.io
Read credentials for http://chartmuseum.jenkins-x.io from vault helm/repos
Successfully added Helm repository chartmuseum.jenkins-x.io.
