
Showing logs for build [32mcb-kubecd-environment-pr-65-1-b-79dbt-1[0m stage [32mfrom-build-pack[0m and container [32mstep-credential-initializer-dlmzs[0m
{"level":"warn","ts":1574166154.3872037,"logger":"fallback-logger","caller":"logging/config.go:69","msg":"Fetch GitHub commit ID from kodata failed: \"ref: refs/heads/master\" is not a valid GitHub commit ID"}
{"level":"info","ts":1574166154.3879564,"logger":"fallback-logger","caller":"creds-init/main.go:40","msg":"Credentials initialized."}

Showing logs for build [32mcb-kubecd-environment-pr-65-1-b-79dbt-1[0m stage [32mfrom-build-pack[0m and container [32mstep-working-dir-initializer-6cskq[0m
{"level":"warn","ts":1574166155.8174486,"logger":"fallback-logger","caller":"logging/config.go:69","msg":"Fetch GitHub commit ID from kodata failed: open /var/run/ko/HEAD: no such file or directory"}
{"level":"info","ts":1574166155.819846,"logger":"fallback-logger","caller":"bash/main.go:65","msg":"Successfully executed command \"mkdir -p /workspace/source\""}

Showing logs for build [32mcb-kubecd-environment-pr-65-1-b-79dbt-1[0m stage [32mfrom-build-pack[0m and container [32mstep-place-tools[0m

Showing logs for build [32mcb-kubecd-environment-pr-65-1-b-79dbt-1[0m stage [32mfrom-build-pack[0m and container [32mstep-git-source-cb-kubecd-environment-pr-65-1-b-fkgfg[0m
{"level":"warn","ts":1574166161.0055294,"logger":"fallback-logger","caller":"logging/config.go:69","msg":"Fetch GitHub commit ID from kodata failed: \"ref: refs/heads/master\" is not a valid GitHub commit ID"}
{"level":"info","ts":1574166162.0952494,"logger":"fallback-logger","caller":"git/git.go:102","msg":"Successfully cloned https://github.com/cb-kubecd/environment-pr-65-1-boot-gke-staging.git @ master in path /workspace/source"}

Showing logs for build [32mcb-kubecd-environment-pr-65-1-b-79dbt-1[0m stage [32mfrom-build-pack[0m and container [32mstep-git-merge[0m
Using SHAs from PULL_REFS=master:88c7dac776ee5db9c651bb4af819cdf54c171bfe,5:422a2e2dfce0b27af1e2b534ebb9a411a15ff160
DEBUG: ran git fetch --unshallow origin 422a2e2dfce0b27af1e2b534ebb9a411a15ff160: 88c7dac776ee5db9c651bb4af819cdf54c171bfe: in 
DEBUG: ran git checkout master in 
DEBUG: ran git reset --hard 88c7dac776ee5db9c651bb4af819cdf54c171bfe in 
DEBUG: ran clean --force -d . in 
DEBUG: ran git merge 422a2e2dfce0b27af1e2b534ebb9a411a15ff160 in 
Merged SHA 422a2e2dfce0b27af1e2b534ebb9a411a15ff160 with commit message 'chore: Promote bdd-sbhg-import-1574165938 to version 0.0.1' into base branch master

Showing logs for build [32mcb-kubecd-environment-pr-65-1-b-79dbt-1[0m stage [32mfrom-build-pack[0m and container [32mstep-build-helm-build[0m
WARNING: No $CHART_REPOSITORY defined so using the default value of: http://jenkins-x-chartmuseum:8080
Adding missing Helm repo: storage.googleapis.com https://storage.googleapis.com/chartmuseum.jenkins-x.io
Read credentials for https://storage.googleapis.com/chartmuseum.jenkins-x.io from vault helm/repos
Successfully added Helm repository storage.googleapis.com.
Adding missing Helm repo: jenkins-x-chartmuseum http://jenkins-x-chartmuseum:8080
Read credentials for http://jenkins-x-chartmuseum:8080 from vault helm/repos
Successfully added Helm repository jenkins-x-chartmuseum.
WARNING: No $CHART_REPOSITORY defined so using the default value of: http://jenkins-x-chartmuseum:8080
Adding missing Helm repo: chartmuseum.jenkins-x.io http://chartmuseum.jenkins-x.io
Read credentials for http://chartmuseum.jenkins-x.io from vault helm/repos
Successfully added Helm repository chartmuseum.jenkins-x.io.
