
Showing logs for build [32mcb-kubecd-environment-pr-65-1-b-8jns9-1[0m stage [32mfrom-build-pack[0m and container [32mstep-credential-initializer-x2nwv[0m
{"level":"warn","ts":1574167727.3123765,"logger":"fallback-logger","caller":"logging/config.go:69","msg":"Fetch GitHub commit ID from kodata failed: \"ref: refs/heads/master\" is not a valid GitHub commit ID"}
{"level":"info","ts":1574167727.3144987,"logger":"fallback-logger","caller":"creds-init/main.go:40","msg":"Credentials initialized."}

Showing logs for build [32mcb-kubecd-environment-pr-65-1-b-8jns9-1[0m stage [32mfrom-build-pack[0m and container [32mstep-working-dir-initializer-d4chq[0m
{"level":"warn","ts":1574167728.7201772,"logger":"fallback-logger","caller":"logging/config.go:69","msg":"Fetch GitHub commit ID from kodata failed: open /var/run/ko/HEAD: no such file or directory"}
{"level":"info","ts":1574167728.7230756,"logger":"fallback-logger","caller":"bash/main.go:65","msg":"Successfully executed command \"mkdir -p /workspace/source\""}

Showing logs for build [32mcb-kubecd-environment-pr-65-1-b-8jns9-1[0m stage [32mfrom-build-pack[0m and container [32mstep-place-tools[0m

Showing logs for build [32mcb-kubecd-environment-pr-65-1-b-8jns9-1[0m stage [32mfrom-build-pack[0m and container [32mstep-git-source-cb-kubecd-environment-pr-65-1-b-9rx6v[0m
{"level":"warn","ts":1574167734.9609659,"logger":"fallback-logger","caller":"logging/config.go:69","msg":"Fetch GitHub commit ID from kodata failed: \"ref: refs/heads/master\" is not a valid GitHub commit ID"}
{"level":"info","ts":1574167736.0708876,"logger":"fallback-logger","caller":"git/git.go:102","msg":"Successfully cloned https://github.com/cb-kubecd/environment-pr-65-1-boot-gke-staging.git @ master in path /workspace/source"}

Showing logs for build [32mcb-kubecd-environment-pr-65-1-b-8jns9-1[0m stage [32mfrom-build-pack[0m and container [32mstep-git-merge[0m
Using SHAs from PULL_REFS=master:5d0f06fd7c2beb553bb1715202e3a150b783e043,8:be9f6b42b7ec760eccff0bc3a1bc40a8921c13c7
DEBUG: ran git fetch --unshallow origin be9f6b42b7ec760eccff0bc3a1bc40a8921c13c7: 5d0f06fd7c2beb553bb1715202e3a150b783e043: in 
DEBUG: ran git checkout master in 
DEBUG: ran git reset --hard 5d0f06fd7c2beb553bb1715202e3a150b783e043 in 
DEBUG: ran clean --force -d . in 
DEBUG: ran git merge be9f6b42b7ec760eccff0bc3a1bc40a8921c13c7 in 
Merged SHA be9f6b42b7ec760eccff0bc3a1bc40a8921c13c7 with commit message 'chore: Promote bdd-sbrp-import-1574165938 to version 0.0.1' into base branch master

Showing logs for build [32mcb-kubecd-environment-pr-65-1-b-8jns9-1[0m stage [32mfrom-build-pack[0m and container [32mstep-build-helm-build[0m
WARNING: No $CHART_REPOSITORY defined so using the default value of: http://jenkins-x-chartmuseum:8080
Adding missing Helm repo: storage.googleapis.com https://storage.googleapis.com/chartmuseum.jenkins-x.io
Read credentials for https://storage.googleapis.com/chartmuseum.jenkins-x.io from vault helm/repos
Successfully added Helm repository storage.googleapis.com.
Adding missing Helm repo: jenkins-x-chartmuseum http://jenkins-x-chartmuseum:8080
Read credentials for http://jenkins-x-chartmuseum:8080 from vault helm/repos
Successfully added Helm repository jenkins-x-chartmuseum.
WARNING: No $CHART_REPOSITORY defined so using the default value of: http://jenkins-x-chartmuseum:8080
Adding missing Helm repo: chartmuseum.jenkins-x.io http://chartmuseum.jenkins-x.io
Read credentials for http://chartmuseum.jenkins-x.io from vault helm/repos
Successfully added Helm repository chartmuseum.jenkins-x.io.
