
Showing logs for build [32mcb-kubecd-environment-pr-65-1-b-fhk22-1[0m stage [32mfrom-build-pack[0m and container [32mstep-credential-initializer-988pk[0m
{"level":"warn","ts":1574164167.4778383,"logger":"fallback-logger","caller":"logging/config.go:69","msg":"Fetch GitHub commit ID from kodata failed: \"ref: refs/heads/master\" is not a valid GitHub commit ID"}
{"level":"info","ts":1574164167.4783518,"logger":"fallback-logger","caller":"creds-init/main.go:40","msg":"Credentials initialized."}

Showing logs for build [32mcb-kubecd-environment-pr-65-1-b-fhk22-1[0m stage [32mfrom-build-pack[0m and container [32mstep-working-dir-initializer-vxfsv[0m
{"level":"warn","ts":1574164168.8942628,"logger":"fallback-logger","caller":"logging/config.go:69","msg":"Fetch GitHub commit ID from kodata failed: open /var/run/ko/HEAD: no such file or directory"}
{"level":"info","ts":1574164168.895411,"logger":"fallback-logger","caller":"bash/main.go:65","msg":"Successfully executed command \"mkdir -p /workspace/source\""}

Showing logs for build [32mcb-kubecd-environment-pr-65-1-b-fhk22-1[0m stage [32mfrom-build-pack[0m and container [32mstep-place-tools[0m

Showing logs for build [32mcb-kubecd-environment-pr-65-1-b-fhk22-1[0m stage [32mfrom-build-pack[0m and container [32mstep-git-source-cb-kubecd-environment-pr-65-1-b-9zgsj[0m
{"level":"warn","ts":1574164175.029977,"logger":"fallback-logger","caller":"logging/config.go:69","msg":"Fetch GitHub commit ID from kodata failed: \"ref: refs/heads/master\" is not a valid GitHub commit ID"}
{"level":"info","ts":1574164176.124319,"logger":"fallback-logger","caller":"git/git.go:102","msg":"Successfully cloned https://github.com/cb-kubecd/environment-pr-65-1-boot-gke-staging.git @ master in path /workspace/source"}

Showing logs for build [32mcb-kubecd-environment-pr-65-1-b-fhk22-1[0m stage [32mfrom-build-pack[0m and container [32mstep-git-merge[0m
Using SHAs from PULL_REFS=master:42f9e679f5b7b058089e43a7eded3d17b0ffba80,2:70d029fe93bbfb6b67eac8806651acf3d4af5ed2
DEBUG: ran git fetch --unshallow origin 70d029fe93bbfb6b67eac8806651acf3d4af5ed2: 42f9e679f5b7b058089e43a7eded3d17b0ffba80: in 
DEBUG: ran git checkout master in 
DEBUG: ran git reset --hard 42f9e679f5b7b058089e43a7eded3d17b0ffba80 in 
DEBUG: ran clean --force -d . in 
DEBUG: ran git merge 70d029fe93bbfb6b67eac8806651acf3d4af5ed2 in 
Merged SHA 70d029fe93bbfb6b67eac8806651acf3d4af5ed2 with commit message 'chore: Promote bdd-nh-1574163812 to version 0.0.1' into base branch master

Showing logs for build [32mcb-kubecd-environment-pr-65-1-b-fhk22-1[0m stage [32mfrom-build-pack[0m and container [32mstep-build-helm-build[0m
WARNING: No $CHART_REPOSITORY defined so using the default value of: http://jenkins-x-chartmuseum:8080
Adding missing Helm repo: storage.googleapis.com https://storage.googleapis.com/chartmuseum.jenkins-x.io
Read credentials for https://storage.googleapis.com/chartmuseum.jenkins-x.io from vault helm/repos
Successfully added Helm repository storage.googleapis.com.
Adding missing Helm repo: jenkins-x-chartmuseum http://jenkins-x-chartmuseum:8080
Read credentials for http://jenkins-x-chartmuseum:8080 from vault helm/repos
Successfully added Helm repository jenkins-x-chartmuseum.
WARNING: No $CHART_REPOSITORY defined so using the default value of: http://jenkins-x-chartmuseum:8080
Adding missing Helm repo: chartmuseum.jenkins-x.io http://chartmuseum.jenkins-x.io
Read credentials for http://chartmuseum.jenkins-x.io from vault helm/repos
Successfully added Helm repository chartmuseum.jenkins-x.io.
